  MathClasses tests.cpp
C:\Users\s259081\source\repos\Dback4248\Course-work\MathClasses tests\MathClasses tests.cpp(289,19): warning C4244: 'initializing': conversion from 'double' to 'float', possible loss of data
  (compiling source file '/MathClasses%20tests.cpp')
  
  Matrix3TransformTests.cpp
C:\Users\s259081\source\repos\Dback4248\Course-work\Math Libry\Matrix3.h(70,43): error C4430: missing type specifier - int assumed. Note: C++ does not support default-int
  (compiling source file '/Matrix3TransformTests.cpp')
  
C:\Users\s259081\source\repos\Dback4248\Course-work\Math Libry\Matrix3.h(70,43): error C2143: syntax error: missing ',' before '&'
  (compiling source file '/Matrix3TransformTests.cpp')
  
C:\Users\s259081\source\repos\Dback4248\Course-work\Math Libry\Matrix3.h(76,13): error C2143: syntax error: missing ';' before '*'
  (compiling source file '/Matrix3TransformTests.cpp')
  
C:\Users\s259081\source\repos\Dback4248\Course-work\Math Libry\Matrix3.h(76,22): error C4430: missing type specifier - int assumed. Note: C++ does not support default-int
  (compiling source file '/Matrix3TransformTests.cpp')
  
C:\Users\s259081\source\repos\Dback4248\Course-work\Math Libry\Matrix3.h(76,36): error C4430: missing type specifier - int assumed. Note: C++ does not support default-int
  (compiling source file '/Matrix3TransformTests.cpp')
  
C:\Users\s259081\source\repos\Dback4248\Course-work\Math Libry\Matrix3.h(76,36): error C2143: syntax error: missing ',' before '&'
  (compiling source file '/Matrix3TransformTests.cpp')
  
C:\Users\s259081\source\repos\Dback4248\Course-work\Math Libry\Matrix3.h(77,5): error C4430: missing type specifier - int assumed. Note: C++ does not support default-int
  (compiling source file '/Matrix3TransformTests.cpp')
  
C:\Users\s259081\source\repos\Dback4248\Course-work\Math Libry\Matrix3.h(72,26): error C2065: 'euler': undeclared identifier
  (compiling source file '/Matrix3TransformTests.cpp')
  
C:\Users\s259081\source\repos\Dback4248\Course-work\Math Libry\Matrix3.h(72,35): error C2065: 'euler': undeclared identifier
  (compiling source file '/Matrix3TransformTests.cpp')
  
C:\Users\s259081\source\repos\Dback4248\Course-work\Math Libry\Matrix3.h(72,44): error C2065: 'euler': undeclared identifier
  (compiling source file '/Matrix3TransformTests.cpp')
  
C:\Users\s259081\source\repos\Dback4248\Course-work\Math Libry\Matrix3.h(79,23): error C2065: 'v': undeclared identifier
  (compiling source file '/Matrix3TransformTests.cpp')
  
C:\Users\s259081\source\repos\Dback4248\Course-work\Math Libry\Matrix3.h(79,39): error C2065: 'v': undeclared identifier
  (compiling source file '/Matrix3TransformTests.cpp')
  
C:\Users\s259081\source\repos\Dback4248\Course-work\Math Libry\Matrix3.h(79,55): error C2065: 'v': undeclared identifier
  (compiling source file '/Matrix3TransformTests.cpp')
  
C:\Users\s259081\source\repos\Dback4248\Course-work\Math Libry\Matrix3.h(80,23): error C2065: 'v': undeclared identifier
  (compiling source file '/Matrix3TransformTests.cpp')
  
C:\Users\s259081\source\repos\Dback4248\Course-work\Math Libry\Matrix3.h(80,39): error C2065: 'v': undeclared identifier
  (compiling source file '/Matrix3TransformTests.cpp')
  
C:\Users\s259081\source\repos\Dback4248\Course-work\Math Libry\Matrix3.h(80,55): error C2065: 'v': undeclared identifier
  (compiling source file '/Matrix3TransformTests.cpp')
  
C:\Users\s259081\source\repos\Dback4248\Course-work\Math Libry\Matrix3.h(81,23): error C2065: 'v': undeclared identifier
  (compiling source file '/Matrix3TransformTests.cpp')
  
C:\Users\s259081\source\repos\Dback4248\Course-work\Math Libry\Matrix3.h(81,39): error C2065: 'v': undeclared identifier
  (compiling source file '/Matrix3TransformTests.cpp')
  
C:\Users\s259081\source\repos\Dback4248\Course-work\Math Libry\Matrix3.h(81,55): error C2065: 'v': undeclared identifier
  (compiling source file '/Matrix3TransformTests.cpp')
  
C:\Users\s259081\source\repos\Dback4248\Course-work\Math Libry\Matrix3.h(78,16): error C2064: term does not evaluate to a function taking 1 arguments
  (compiling source file '/Matrix3TransformTests.cpp')
  
C:\Users\s259081\source\repos\Dback4248\Course-work\Math Libry\Matrix4.h(74,43): error C4430: missing type specifier - int assumed. Note: C++ does not support default-int
  (compiling source file '/Matrix3TransformTests.cpp')
  
C:\Users\s259081\source\repos\Dback4248\Course-work\Math Libry\Matrix4.h(74,43): error C2143: syntax error: missing ',' before '&'
  (compiling source file '/Matrix3TransformTests.cpp')
  
C:\Users\s259081\source\repos\Dback4248\Course-work\Math Libry\Matrix4.h(80,13): error C2143: syntax error: missing ';' before '*'
  (compiling source file '/Matrix3TransformTests.cpp')
  
C:\Users\s259081\source\repos\Dback4248\Course-work\Math Libry\Matrix4.h(80,22): error C4430: missing type specifier - int assumed. Note: C++ does not support default-int
  (compiling source file '/Matrix3TransformTests.cpp')
  
C:\Users\s259081\source\repos\Dback4248\Course-work\Math Libry\Matrix4.h(80,36): error C4430: missing type specifier - int assumed. Note: C++ does not support default-int
  (compiling source file '/Matrix3TransformTests.cpp')
  
C:\Users\s259081\source\repos\Dback4248\Course-work\Math Libry\Matrix4.h(80,36): error C2143: syntax error: missing ',' before '&'
  (compiling source file '/Matrix3TransformTests.cpp')
  
C:\Users\s259081\source\repos\Dback4248\Course-work\Math Libry\Matrix4.h(81,5): error C4430: missing type specifier - int assumed. Note: C++ does not support default-int
  (compiling source file '/Matrix3TransformTests.cpp')
  
C:\Users\s259081\source\repos\Dback4248\Course-work\Math Libry\Matrix4.h(76,26): error C2065: 'euler': undeclared identifier
  (compiling source file '/Matrix3TransformTests.cpp')
  
C:\Users\s259081\source\repos\Dback4248\Course-work\Math Libry\Matrix4.h(76,35): error C2065: 'euler': undeclared identifier
  (compiling source file '/Matrix3TransformTests.cpp')
  
C:\Users\s259081\source\repos\Dback4248\Course-work\Math Libry\Matrix4.h(76,44): error C2065: 'euler': undeclared identifier
  (compiling source file '/Matrix3TransformTests.cpp')
  
C:\Users\s259081\source\repos\Dback4248\Course-work\Math Libry\Matrix4.h(83,23): error C2065: 'v': undeclared identifier
  (compiling source file '/Matrix3TransformTests.cpp')
  
C:\Users\s259081\source\repos\Dback4248\Course-work\Math Libry\Matrix4.h(83,39): error C2065: 'v': undeclared identifier
  (compiling source file '/Matrix3TransformTests.cpp')
  
C:\Users\s259081\source\repos\Dback4248\Course-work\Math Libry\Matrix4.h(83,55): error C2065: 'v': undeclared identifier
  (compiling source file '/Matrix3TransformTests.cpp')
  
C:\Users\s259081\source\repos\Dback4248\Course-work\Math Libry\Matrix4.h(83,71): error C2065: 'v': undeclared identifier
  (compiling source file '/Matrix3TransformTests.cpp')
  
C:\Users\s259081\source\repos\Dback4248\Course-work\Math Libry\Matrix4.h(84,23): error C2065: 'v': undeclared identifier
  (compiling source file '/Matrix3TransformTests.cpp')
  
C:\Users\s259081\source\repos\Dback4248\Course-work\Math Libry\Matrix4.h(84,39): error C2065: 'v': undeclared identifier
  (compiling source file '/Matrix3TransformTests.cpp')
  
C:\Users\s259081\source\repos\Dback4248\Course-work\Math Libry\Matrix4.h(84,55): error C2065: 'v': undeclared identifier
  (compiling source file '/Matrix3TransformTests.cpp')
  
C:\Users\s259081\source\repos\Dback4248\Course-work\Math Libry\Matrix4.h(84,71): error C2065: 'v': undeclared identifier
  (compiling source file '/Matrix3TransformTests.cpp')
  
C:\Users\s259081\source\repos\Dback4248\Course-work\Math Libry\Matrix4.h(85,23): error C2065: 'v': undeclared identifier
  (compiling source file '/Matrix3TransformTests.cpp')
  
C:\Users\s259081\source\repos\Dback4248\Course-work\Math Libry\Matrix4.h(85,39): error C2065: 'v': undeclared identifier
  (compiling source file '/Matrix3TransformTests.cpp')
  
C:\Users\s259081\source\repos\Dback4248\Course-work\Math Libry\Matrix4.h(85,55): error C2065: 'v': undeclared identifier
  (compiling source file '/Matrix3TransformTests.cpp')
  
C:\Users\s259081\source\repos\Dback4248\Course-work\Math Libry\Matrix4.h(85,71): error C2065: 'v': undeclared identifier
  (compiling source file '/Matrix3TransformTests.cpp')
  
C:\Users\s259081\source\repos\Dback4248\Course-work\Math Libry\Matrix4.h(86,23): error C2065: 'v': undeclared identifier
  (compiling source file '/Matrix3TransformTests.cpp')
  
C:\Users\s259081\source\repos\Dback4248\Course-work\Math Libry\Matrix4.h(86,39): error C2065: 'v': undeclared identifier
  (compiling source file '/Matrix3TransformTests.cpp')
  
C:\Users\s259081\source\repos\Dback4248\Course-work\Math Libry\Matrix4.h(86,55): error C2065: 'v': undeclared identifier
  (compiling source file '/Matrix3TransformTests.cpp')
  
C:\Users\s259081\source\repos\Dback4248\Course-work\Math Libry\Matrix4.h(86,71): error C2065: 'v': undeclared identifier
  (compiling source file '/Matrix3TransformTests.cpp')
  
C:\Users\s259081\source\repos\Dback4248\Course-work\Math Libry\Matrix4.h(82,16): error C2064: term does not evaluate to a function taking 1 arguments
  (compiling source file '/Matrix3TransformTests.cpp')
  
C:\Users\s259081\source\repos\Dback4248\Course-work\MathClasses tests\Matrix3TransformTests.cpp(24,30): error C2679: binary '*': no operator found which takes a right-hand operand of type 'MathClasses::Vector3' (or there is no acceptable conversion)
  (compiling source file '/Matrix3TransformTests.cpp')
      C:\Users\s259081\source\repos\Dback4248\Course-work\Math Libry\Matrix3.h(85,13):
      could be 'Matrix3 Matrix3::operator *(const Matrix3 &) const'
      C:\Users\s259081\source\repos\Dback4248\Course-work\Math Libry\Matrix3.h(76,13):
      or       'int Matrix3::operator *(const int) const'
      C:\Users\s259081\source\repos\Dback4248\Course-work\MathClasses tests\Matrix3TransformTests.cpp(24,30):
      while trying to match the argument list '(Matrix3, MathClasses::Vector3)'
  
C:\Users\s259081\source\repos\Dback4248\Course-work\MathClasses tests\Matrix3TransformTests.cpp(35,30): error C2679: binary '*': no operator found which takes a right-hand operand of type 'MathClasses::Vector3' (or there is no acceptable conversion)
  (compiling source file '/Matrix3TransformTests.cpp')
      C:\Users\s259081\source\repos\Dback4248\Course-work\Math Libry\Matrix3.h(85,13):
      could be 'Matrix3 Matrix3::operator *(const Matrix3 &) const'
      C:\Users\s259081\source\repos\Dback4248\Course-work\Math Libry\Matrix3.h(76,13):
      or       'int Matrix3::operator *(const int) const'
      C:\Users\s259081\source\repos\Dback4248\Course-work\MathClasses tests\Matrix3TransformTests.cpp(35,30):
      while trying to match the argument list '(Matrix3, MathClasses::Vector3)'
  
C:\Users\s259081\source\repos\Dback4248\Course-work\MathClasses tests\Matrix3TransformTests.cpp(46,30): error C2679: binary '*': no operator found which takes a right-hand operand of type 'MathClasses::Vector3' (or there is no acceptable conversion)
  (compiling source file '/Matrix3TransformTests.cpp')
      C:\Users\s259081\source\repos\Dback4248\Course-work\Math Libry\Matrix3.h(85,13):
      could be 'Matrix3 Matrix3::operator *(const Matrix3 &) const'
      C:\Users\s259081\source\repos\Dback4248\Course-work\Math Libry\Matrix3.h(76,13):
      or       'int Matrix3::operator *(const int) const'
      C:\Users\s259081\source\repos\Dback4248\Course-work\MathClasses tests\Matrix3TransformTests.cpp(46,30):
      while trying to match the argument list '(Matrix3, MathClasses::Vector3)'
  
C:\Users\s259081\source\repos\Dback4248\Course-work\MathClasses tests\Matrix3TransformTests.cpp(55,34): error C2665: 'Matrix3::MakeEuler': no overloaded function could convert all the argument types
  (compiling source file '/Matrix3TransformTests.cpp')
      C:\Users\s259081\source\repos\Dback4248\Course-work\Math Libry\Matrix3.h(70,20):
      could be 'Matrix3 Matrix3::MakeEuler(const int)'
          C:\Users\s259081\source\repos\Dback4248\Course-work\MathClasses tests\Matrix3TransformTests.cpp(55,34):
          'Matrix3 Matrix3::MakeEuler(const int)': cannot convert argument 1 from 'MathClasses::Vector3' to 'const int'
              C:\Users\s259081\source\repos\Dback4248\Course-work\MathClasses tests\Matrix3TransformTests.cpp(55,44):
              No user-defined-conversion operator available that can perform this conversion, or the operator cannot be called
      C:\Users\s259081\source\repos\Dback4248\Course-work\MathClasses tests\Matrix3TransformTests.cpp(55,34):
      while trying to match the argument list '(MathClasses::Vector3)'
  
C:\Users\s259081\source\repos\Dback4248\Course-work\MathClasses tests\Matrix3TransformTests.cpp(57,30): error C2679: binary '*': no operator found which takes a right-hand operand of type 'MathClasses::Vector3' (or there is no acceptable conversion)
  (compiling source file '/Matrix3TransformTests.cpp')
      C:\Users\s259081\source\repos\Dback4248\Course-work\Math Libry\Matrix3.h(85,13):
      could be 'Matrix3 Matrix3::operator *(const Matrix3 &) const'
      C:\Users\s259081\source\repos\Dback4248\Course-work\Math Libry\Matrix3.h(76,13):
      or       'int Matrix3::operator *(const int) const'
      C:\Users\s259081\source\repos\Dback4248\Course-work\MathClasses tests\Matrix3TransformTests.cpp(57,30):
      while trying to match the argument list '(Matrix3, MathClasses::Vector3)'
  
C:\Users\s259081\source\repos\Dback4248\Course-work\MathClasses tests\Matrix3TransformTests.cpp(76,30): error C2679: binary '*': no operator found which takes a right-hand operand of type 'MathClasses::Vector4' (or there is no acceptable conversion)
  (compiling source file '/Matrix3TransformTests.cpp')
      C:\Users\s259081\source\repos\Dback4248\Course-work\Math Libry\Matrix4.h(90,13):
      could be 'Matrix4 Matrix4::operator *(const Matrix4 &) const'
      C:\Users\s259081\source\repos\Dback4248\Course-work\Math Libry\Matrix4.h(80,13):
      or       'int Matrix4::operator *(const int) const'
      C:\Users\s259081\source\repos\Dback4248\Course-work\MathClasses tests\Matrix3TransformTests.cpp(76,30):
      while trying to match the argument list '(Matrix4, MathClasses::Vector4)'
  
C:\Users\s259081\source\repos\Dback4248\Course-work\MathClasses tests\Matrix3TransformTests.cpp(87,30): error C2679: binary '*': no operator found which takes a right-hand operand of type 'MathClasses::Vector4' (or there is no acceptable conversion)
  (compiling source file '/Matrix3TransformTests.cpp')
      C:\Users\s259081\source\repos\Dback4248\Course-work\Math Libry\Matrix4.h(90,13):
      could be 'Matrix4 Matrix4::operator *(const Matrix4 &) const'
      C:\Users\s259081\source\repos\Dback4248\Course-work\Math Libry\Matrix4.h(80,13):
      or       'int Matrix4::operator *(const int) const'
      C:\Users\s259081\source\repos\Dback4248\Course-work\MathClasses tests\Matrix3TransformTests.cpp(87,30):
      while trying to match the argument list '(Matrix4, MathClasses::Vector4)'
  
C:\Users\s259081\source\repos\Dback4248\Course-work\MathClasses tests\Matrix3TransformTests.cpp(98,30): error C2679: binary '*': no operator found which takes a right-hand operand of type 'MathClasses::Vector4' (or there is no acceptable conversion)
  (compiling source file '/Matrix3TransformTests.cpp')
      C:\Users\s259081\source\repos\Dback4248\Course-work\Math Libry\Matrix4.h(90,13):
      could be 'Matrix4 Matrix4::operator *(const Matrix4 &) const'
      C:\Users\s259081\source\repos\Dback4248\Course-work\Math Libry\Matrix4.h(80,13):
      or       'int Matrix4::operator *(const int) const'
      C:\Users\s259081\source\repos\Dback4248\Course-work\MathClasses tests\Matrix3TransformTests.cpp(98,30):
      while trying to match the argument list '(Matrix4, MathClasses::Vector4)'
  
C:\Users\s259081\source\repos\Dback4248\Course-work\MathClasses tests\Matrix3TransformTests.cpp(109,30): error C2679: binary '*': no operator found which takes a right-hand operand of type 'MathClasses::Vector4' (or there is no acceptable conversion)
  (compiling source file '/Matrix3TransformTests.cpp')
      C:\Users\s259081\source\repos\Dback4248\Course-work\Math Libry\Matrix4.h(90,13):
      could be 'Matrix4 Matrix4::operator *(const Matrix4 &) const'
      C:\Users\s259081\source\repos\Dback4248\Course-work\Math Libry\Matrix4.h(80,13):
      or       'int Matrix4::operator *(const int) const'
      C:\Users\s259081\source\repos\Dback4248\Course-work\MathClasses tests\Matrix3TransformTests.cpp(109,30):
      while trying to match the argument list '(Matrix4, MathClasses::Vector4)'
  
C:\Users\s259081\source\repos\Dback4248\Course-work\MathClasses tests\Matrix3TransformTests.cpp(120,30): error C2679: binary '*': no operator found which takes a right-hand operand of type 'MathClasses::Vector4' (or there is no acceptable conversion)
  (compiling source file '/Matrix3TransformTests.cpp')
      C:\Users\s259081\source\repos\Dback4248\Course-work\Math Libry\Matrix4.h(90,13):
      could be 'Matrix4 Matrix4::operator *(const Matrix4 &) const'
      C:\Users\s259081\source\repos\Dback4248\Course-work\Math Libry\Matrix4.h(80,13):
      or       'int Matrix4::operator *(const int) const'
      C:\Users\s259081\source\repos\Dback4248\Course-work\MathClasses tests\Matrix3TransformTests.cpp(120,30):
      while trying to match the argument list '(Matrix4, MathClasses::Vector4)'
  
C:\Users\s259081\source\repos\Dback4248\Course-work\MathClasses tests\Matrix3TransformTests.cpp(130,34): error C2665: 'Matrix4::MakeEuler': no overloaded function could convert all the argument types
  (compiling source file '/Matrix3TransformTests.cpp')
      C:\Users\s259081\source\repos\Dback4248\Course-work\Math Libry\Matrix4.h(74,20):
      could be 'Matrix4 Matrix4::MakeEuler(const int)'
          C:\Users\s259081\source\repos\Dback4248\Course-work\MathClasses tests\Matrix3TransformTests.cpp(130,34):
          'Matrix4 Matrix4::MakeEuler(const int)': cannot convert argument 1 from 'MathClasses::Vector3' to 'const int'
              C:\Users\s259081\source\repos\Dback4248\Course-work\MathClasses tests\Matrix3TransformTests.cpp(130,44):
              No user-defined-conversion operator available that can perform this conversion, or the operator cannot be called
      C:\Users\s259081\source\repos\Dback4248\Course-work\MathClasses tests\Matrix3TransformTests.cpp(130,34):
      while trying to match the argument list '(MathClasses::Vector3)'
  
C:\Users\s259081\source\repos\Dback4248\Course-work\MathClasses tests\Matrix3TransformTests.cpp(132,30): error C2679: binary '*': no operator found which takes a right-hand operand of type 'MathClasses::Vector4' (or there is no acceptable conversion)
  (compiling source file '/Matrix3TransformTests.cpp')
      C:\Users\s259081\source\repos\Dback4248\Course-work\Math Libry\Matrix4.h(90,13):
      could be 'Matrix4 Matrix4::operator *(const Matrix4 &) const'
      C:\Users\s259081\source\repos\Dback4248\Course-work\Math Libry\Matrix4.h(80,13):
      or       'int Matrix4::operator *(const int) const'
      C:\Users\s259081\source\repos\Dback4248\Course-work\MathClasses tests\Matrix3TransformTests.cpp(132,30):
      while trying to match the argument list '(Matrix4, MathClasses::Vector4)'
  
